<?xml version="1.0" encoding="UTF-8"?>
<!-- Generated by org.testng.reporters.JUnitReportReporter -->
<testsuite skipped="0" hostname="dvcio6093226" name="TestPackage.day3" tests="3" failures="0" timestamp="2020-06-22T08:28:18 IST" time="0.009" errors="0">
  <testcase name="APIloginCarLoan" time="0.003" classname="TestPackage.day3"/>
  <system-out/>
  <testcase name="webloginCarLoan" time="0.003" classname="TestPackage.day3"/>
  <system-out/>
  <testcase name="smoketest3" time="0.003" classname="TestPackage.day3"/>
  <system-out/>
</testsuite> <!-- TestPackage.day3 -->
