<?xml version="1.0" encoding="UTF-8"?>
<!-- Generated by org.testng.reporters.JUnitReportReporter -->
<testsuite skipped="0" hostname="dvcio6093226" name="TestPackage.day4" tests="3" failures="0" timestamp="2020-06-20T15:10:39 IST" time="0.003" errors="0">
  <testcase name="APIloginHomeLoan" time="0.001" classname="TestPackage.day4"/>
  <system-out/>
  <testcase name="webloginHomeLoan" time="0.001" classname="TestPackage.day4"/>
  <system-out/>
  <testcase name="MobileloginHomeLoan" time="0.001" classname="TestPackage.day4"/>
  <system-out/>
</testsuite> <!-- TestPackage.day4 -->
