<?xml version="1.0" encoding="UTF-8"?>
<!-- Generated by org.testng.reporters.JUnitReportReporter -->
<testsuite skipped="0" hostname="dvcio6093226" name="TestPackage.day2" tests="2" failures="0" timestamp="2020-06-22T08:28:18 IST" time="0.005" errors="0">
  <testcase name="Ploan" time="0.003" classname="TestPackage.day2"/>
  <system-out/>
  <testcase name="smoketest2" time="0.002" classname="TestPackage.day2"/>
  <system-out/>
</testsuite> <!-- TestPackage.day2 -->
