<?xml version="1.0" encoding="UTF-8"?>
<!-- Generated by org.testng.reporters.JUnitReportReporter -->
<testsuite skipped="0" hostname="dvcio6093226" name="TestPackage.day1" tests="3" failures="0" timestamp="2020-06-22T08:28:18 IST" time="0.010" errors="0">
  <testcase name="Demo" time="0.006" classname="TestPackage.day1"/>
  <system-out/>
  <testcase name="smoketest1" time="0.002" classname="TestPackage.day1"/>
  <system-out/>
  <testcase name="Demo1" time="0.002" classname="TestPackage.day1"/>
  <system-out/>
</testsuite> <!-- TestPackage.day1 -->
