<?xml version="1.0" encoding="UTF-8"?>
<!-- Generated by org.testng.reporters.JUnitReportReporter -->
<testsuite hostname="dvcio6093226" failures="0" tests="3" name="TestNGPackage.Sprint2" time="0.012" errors="0" timestamp="2020-11-29T17:46:24 IST" skipped="0">
  <testcase classname="TestNGPackage.Sprint2" name="tc05" time="0.005"/>
  <system-out/>
  <testcase classname="TestNGPackage.Sprint2" name="tc05" time="0.003"/>
  <system-out/>
  <testcase classname="TestNGPackage.Sprint2" name="tc05" time="0.004"/>
  <system-out/>
</testsuite> <!-- TestNGPackage.Sprint2 -->
